c:\users\lauren\documents\pacmanvk\pacman\debug\vc141.pdb
c:\users\lauren\documents\pacmanvk\pacman\debug\vc141.idb
c:\users\lauren\documents\pacmanvk\pacman\debug\cherry.obj
c:\users\lauren\documents\pacmanvk\pacman\debug\controller.obj
c:\users\lauren\documents\pacmanvk\pacman\debug\ghost.obj
c:\users\lauren\documents\pacmanvk\pacman\debug\main.obj
c:\users\lauren\documents\pacmanvk\pacman\debug\munchie.obj
c:\users\lauren\documents\pacmanvk\pacman\debug\pacman.obj
c:\users\lauren\documents\pacmanvl\pacman\debug\vc141.pdb
c:\users\lauren\documents\pacmanvl\pacman\debug\vc141.idb
c:\users\lauren\documents\pacmanvl\pacman\debug\cherry.obj
c:\users\lauren\documents\pacmanvl\pacman\debug\controller.obj
c:\users\lauren\documents\pacmanvl\pacman\debug\ghost.obj
c:\users\lauren\documents\pacmanvl\pacman\debug\main.obj
c:\users\lauren\documents\pacmanvl\pacman\debug\munchie.obj
c:\users\lauren\documents\pacmanvl\pacman\debug\pacman.obj
c:\users\lauren\documents\pacmanvl\pacman\debug\waterfountain.obj
c:\users\lauren\documents\pacmanvk\debug\pacman.ilk
c:\users\lauren\documents\pacmanvk\debug\pacman.exe
c:\users\lauren\documents\pacmanvk\debug\pacman.pdb
c:\users\lauren\documents\pacmanvl\debug\pacman.exe
c:\users\lauren\documents\pacmanvl\debug\pacman.ilk
c:\users\lauren\documents\pacmanvl\debug\pacman.pdb
c:\users\lauren\documents\pacmanvl\pacman\debug\controller.obj.enc
c:\users\lauren\documents\pacmanvl\pacman\debug\pacman.tlog\cl.command.1.tlog
c:\users\lauren\documents\pacmanvl\pacman\debug\pacman.tlog\cl.read.1.tlog
c:\users\lauren\documents\pacmanvl\pacman\debug\pacman.tlog\cl.write.1.tlog
c:\users\lauren\documents\pacmanvl\pacman\debug\pacman.tlog\link.command.1.tlog
c:\users\lauren\documents\pacmanvl\pacman\debug\pacman.tlog\link.read.1.tlog
c:\users\lauren\documents\pacmanvl\pacman\debug\pacman.tlog\link.write.1.tlog
